<?xml version="1.0" encoding="UTF-8"?>
<!-- Generated by org.testng.reporters.JUnitReportReporter -->
<testsuite skipped="0" hostname="DESKTOP-ESAT5E6" name="testScript.FlixBus" tests="1" failures="0" timestamp="2022-10-26T23:41:09 IST" time="26.881" errors="0">
  <testcase name="bookBus" time="26.881" classname="testScript.FlixBus"/>
  <system-out/>
</testsuite> <!-- testScript.FlixBus -->
