<?xml version="1.0" encoding="UTF-8"?>
<!-- Generated by org.testng.reporters.JUnitReportReporter -->
<testsuite skipped="0" hostname="DESKTOP-ESAT5E6" name="testScript.FlixBus" tests="1" failures="0" timestamp="2022-10-26T11:52:27 IST" time="24.730" errors="0">
  <testcase name="bookBus" time="24.730" classname="testScript.FlixBus"/>
  <system-out/>
</testsuite> <!-- testScript.FlixBus -->
